TN:
SF:src\add.js
FNF:0
FNH:0
DA:1,1
DA:2,1
DA:3,1
DA:4,1
DA:5,1
DA:6,1
DA:7,1
DA:8,1
DA:9,1
DA:10,1
DA:11,1
DA:12,1
DA:13,1
DA:14,1
DA:15,1
DA:16,1
DA:17,1
DA:18,1
LF:18
LH:18
BRDA:1,0,0,1
BRDA:16,1,0,23
BRF:2
BRH:2
end_of_record
TN:
SF:src\at.js
FN:19,at
FNF:1
FNH:1
FNDA:14,at
DA:1,1
DA:2,1
DA:3,1
DA:4,1
DA:5,1
DA:6,1
DA:7,1
DA:8,1
DA:9,1
DA:10,1
DA:11,1
DA:12,1
DA:13,1
DA:14,1
DA:15,1
DA:16,1
DA:17,1
DA:18,1
DA:19,1
DA:20,1
DA:21,1
LF:21
LH:21
BRDA:1,0,0,1
BRDA:19,1,0,14
BRF:2
BRH:2
end_of_record
TN:
SF:src\capitalize.js
FN:17,capitalize
FNF:1
FNH:1
FNDA:5,capitalize
DA:1,1
DA:2,1
DA:3,1
DA:4,1
DA:5,1
DA:6,1
DA:7,1
DA:8,1
DA:9,1
DA:10,1
DA:11,1
DA:12,1
DA:13,1
DA:14,1
DA:15,1
DA:16,1
DA:17,1
DA:18,1
DA:19,1
DA:20,1
LF:20
LH:20
BRDA:1,0,0,1
BRDA:17,1,0,5
BRF:2
BRH:2
end_of_record
TN:
SF:src\countBy.js
FN:29,countBy
FNF:1
FNH:1
FNDA:12,countBy
DA:1,1
DA:2,1
DA:3,1
DA:4,1
DA:5,1
DA:6,1
DA:7,1
DA:8,1
DA:9,1
DA:10,1
DA:11,1
DA:12,1
DA:13,1
DA:14,1
DA:15,1
DA:16,1
DA:17,1
DA:18,1
DA:19,1
DA:20,1
DA:21,1
DA:22,1
DA:23,1
DA:24,1
DA:25,1
DA:26,1
DA:27,1
DA:28,1
DA:29,12
DA:30,12
DA:31,32
DA:32,32
DA:33,14
DA:34,32
DA:35,18
DA:36,18
DA:37,32
DA:38,12
DA:39,12
DA:40,1
DA:41,1
LF:41
LH:41
BRDA:1,0,0,1
BRDA:29,1,0,12
BRDA:30,2,0,32
BRDA:32,3,0,14
BRDA:34,4,0,18
BRF:5
BRH:5
end_of_record
TN:
SF:src\filter.js
FN:24,filter
FNF:1
FNH:1
FNDA:9,filter
DA:1,1
DA:2,1
DA:3,1
DA:4,1
DA:5,1
DA:6,1
DA:7,1
DA:8,1
DA:9,1
DA:10,1
DA:11,1
DA:12,1
DA:13,1
DA:14,1
DA:15,1
DA:16,1
DA:17,1
DA:18,1
DA:19,1
DA:20,1
DA:21,1
DA:22,1
DA:23,1
DA:24,9
DA:25,9
DA:26,9
DA:27,9
DA:28,9
DA:29,9
DA:30,9
DA:31,13
DA:32,13
DA:33,5
DA:34,5
DA:35,13
DA:36,9
DA:37,9
DA:38,1
DA:39,1
LF:39
LH:39
BRDA:1,0,0,1
BRDA:24,1,0,9
BRDA:27,2,0,2
BRDA:27,3,0,7
BRDA:30,4,0,13
BRDA:32,5,0,5
BRF:6
BRH:6
end_of_record
TN:
SF:src\get.js
FN:27,get
FNF:1
FNH:1
FNDA:28,get
DA:1,2
DA:2,2
DA:3,2
DA:4,2
DA:5,2
DA:6,2
DA:7,2
DA:8,2
DA:9,2
DA:10,2
DA:11,2
DA:12,2
DA:13,2
DA:14,2
DA:15,2
DA:16,2
DA:17,2
DA:18,2
DA:19,2
DA:20,2
DA:21,2
DA:22,2
DA:23,2
DA:24,2
DA:25,2
DA:26,2
DA:27,28
DA:28,28
DA:29,28
DA:30,28
DA:31,2
DA:32,2
LF:32
LH:32
BRDA:1,0,0,2
BRDA:27,1,0,28
BRDA:28,2,0,2
BRDA:28,3,0,26
BRDA:29,4,0,15
BRDA:29,5,0,13
BRF:6
BRH:6
end_of_record
TN:
SF:src\toInteger.js
FN:28,toInteger
FNF:1
FNH:1
FNDA:20,toInteger
DA:1,1
DA:2,1
DA:3,1
DA:4,1
DA:5,1
DA:6,1
DA:7,1
DA:8,1
DA:9,1
DA:10,1
DA:11,1
DA:12,1
DA:13,1
DA:14,1
DA:15,1
DA:16,1
DA:17,1
DA:18,1
DA:19,1
DA:20,1
DA:21,1
DA:22,1
DA:23,1
DA:24,1
DA:25,1
DA:26,1
DA:27,1
DA:28,20
DA:29,20
DA:30,20
DA:31,20
DA:32,20
DA:33,20
DA:34,1
DA:35,1
LF:35
LH:35
BRDA:1,0,0,1
BRDA:28,1,0,20
BRDA:32,2,0,7
BRDA:32,3,0,13
BRF:4
BRH:4
end_of_record
TN:
SF:src\toNumber.js
FN:44,toNumber
FNF:1
FNH:1
FNDA:46,toNumber
DA:1,2
DA:2,2
DA:3,2
DA:4,2
DA:5,2
DA:6,2
DA:7,2
DA:8,2
DA:9,2
DA:10,2
DA:11,2
DA:12,2
DA:13,2
DA:14,2
DA:15,2
DA:16,2
DA:17,2
DA:18,2
DA:19,2
DA:20,2
DA:21,2
DA:22,2
DA:23,2
DA:24,2
DA:25,2
DA:26,2
DA:27,2
DA:28,2
DA:29,2
DA:30,2
DA:31,2
DA:32,2
DA:33,2
DA:34,2
DA:35,2
DA:36,2
DA:37,2
DA:38,2
DA:39,2
DA:40,2
DA:41,2
DA:42,2
DA:43,2
DA:44,46
DA:45,46
DA:46,15
DA:47,15
DA:48,46
DA:49,2
DA:50,2
DA:51,46
DA:52,8
DA:53,8
DA:54,8
DA:55,46
DA:56,6
DA:57,6
DA:58,23
DA:59,23
DA:60,46
DA:61,46
DA:62,46
DA:63,46
DA:64,2
DA:65,2
LF:65
LH:65
BRDA:1,0,0,2
BRDA:44,1,0,46
BRDA:45,2,0,15
BRDA:48,3,0,31
BRDA:48,4,0,2
BRDA:51,5,0,29
BRDA:51,6,0,8
BRDA:52,7,0,7
BRDA:52,8,0,1
BRDA:53,9,0,5
BRDA:53,10,0,3
BRDA:55,11,0,29
BRDA:55,12,0,6
BRDA:56,13,0,1
BRDA:56,14,0,5
BRDA:58,15,0,36
BRDA:58,16,0,23
BRDA:60,17,0,20
BRDA:61,18,0,5
BRDA:61,19,0,3
BRDA:61,20,0,2
BRDA:62,21,0,18
BRDA:62,22,0,2
BRDA:62,23,0,16
BRF:24
BRH:24
end_of_record
